2025-02-22 00:16:12 



















2025-02-22 00:16:12 Evrmore version v1.0.5
2025-02-22 00:16:12 InitParameterInteraction: parameter interaction: -whitelistforcerelay=1 -> setting -whitelistrelay=1
2025-02-22 00:16:12 Validating signatures for all blocks.
2025-02-22 00:16:12 Setting nMinimumChainWork=0000000000000000000000000000000000000000000000000000000000000000
2025-02-22 00:16:12 Using the 'sse4' SHA256 implementation
2025-02-22 00:16:12 Using RdRand as an additional entropy source
2025-02-22 00:16:12 Default data directory /home/evr/.evrmore
2025-02-22 00:16:12 Using data directory /home/evr/.evrmore
2025-02-22 00:16:12 Using config file /home/evr/.evrmore/evrmore.conf
2025-02-22 00:16:12 Using at most 125 automatic connections (1048576 file descriptors available)
2025-02-22 00:16:12 Using 16 MiB out of 32/2 requested for signature cache, able to store 524288 elements
2025-02-22 00:16:12 Using 16 MiB out of 32/2 requested for script execution cache, able to store 524288 elements
2025-02-22 00:16:12 Using 4 threads for script verification
2025-02-22 00:16:12 scheduler thread start
2025-02-22 00:16:12 libevent: getaddrinfo: address family for nodename not supported
2025-02-22 00:16:12 Binding RPC on address :: port 8819 failed.
2025-02-22 00:16:12 HTTP: creating work queue of depth 1100
2025-02-22 00:16:12 Config options rpcuser and rpcpassword will soon be deprecated. Locally-run instances may remove rpcuser to use cookie-based auth, or may be replaced with rpcauth. Please see share/rpcuser for rpcauth auth generation.
2025-02-22 00:16:12 HTTP: starting 4 worker threads
2025-02-22 00:16:12 init message: Verifying wallet(s)...
2025-02-22 00:16:12 Using BerkeleyDB version Berkeley DB 4.8.30: (April  9, 2010)
2025-02-22 00:16:12 Using wallet wallet.dat
2025-02-22 00:16:12 CDBEnv::Open: LogDir=/home/evr/.evrmore/database ErrorFile=/home/evr/.evrmore/db.log
2025-02-22 00:16:12 Block index database configuration:
2025-02-22 00:16:12 * Using 64 MB files
2025-02-22 00:16:12 Cache configuration:
2025-02-22 00:16:12 * Using 125.0MiB for block index database
2025-02-22 00:16:12 * Using 8.0MiB for chain state database
2025-02-22 00:16:12 * Using 867.0MiB for in-memory UTXO set (plus up to 1907.3MiB of unused mempool space)
2025-02-22 00:16:12 init message: Loading block index...
2025-02-22 00:16:12 Opening LevelDB in /home/evr/.evrmore/blocks/index
2025-02-22 00:16:12 Opened LevelDB successfully
2025-02-22 00:16:12 Using obfuscation key for /home/evr/.evrmore/blocks/index: 0000000000000000
2025-02-22 00:16:12 Opening LevelDB in /home/evr/.evrmore/assets
2025-02-22 00:16:13 Opened LevelDB successfully
2025-02-22 00:16:13 Using obfuscation key for /home/evr/.evrmore/assets: 0000000000000000
2025-02-22 00:16:13 Opening LevelDB in /home/evr/.evrmore/messages/messages
2025-02-22 00:16:13 Opened LevelDB successfully
2025-02-22 00:16:13 Using obfuscation key for /home/evr/.evrmore/messages/messages: 0000000000000000
2025-02-22 00:16:13 Opening LevelDB in /home/evr/.evrmore/messages/channels
2025-02-22 00:16:13 Opened LevelDB successfully
2025-02-22 00:16:13 Using obfuscation key for /home/evr/.evrmore/messages/channels: 0000000000000000
2025-02-22 00:16:13 Opening LevelDB in /home/evr/.evrmore/myrestricted
2025-02-22 00:16:13 Opened LevelDB successfully
2025-02-22 00:16:13 Using obfuscation key for /home/evr/.evrmore/myrestricted: 0000000000000000
2025-02-22 00:16:13 Opening LevelDB in /home/evr/.evrmore/assets/restricted
2025-02-22 00:16:13 Opened LevelDB successfully
2025-02-22 00:16:13 Using obfuscation key for /home/evr/.evrmore/assets/restricted: 0000000000000000
2025-02-22 00:16:13 Opening LevelDB in /home/evr/.evrmore/rewards/snapshotrequest
2025-02-22 00:16:13 Opened LevelDB successfully
2025-02-22 00:16:13 Using obfuscation key for /home/evr/.evrmore/rewards/snapshotrequest: 0000000000000000
2025-02-22 00:16:13 Opening LevelDB in /home/evr/.evrmore/rewards/assetsnapshot
2025-02-22 00:16:13 Opened LevelDB successfully
2025-02-22 00:16:13 Using obfuscation key for /home/evr/.evrmore/rewards/assetsnapshot: 0000000000000000
2025-02-22 00:16:13 Opening LevelDB in /home/evr/.evrmore/rewards/distributerequests
2025-02-22 00:16:13 Opened LevelDB successfully
2025-02-22 00:16:13 Using obfuscation key for /home/evr/.evrmore/rewards/distributerequests: 0000000000000000
2025-02-22 00:16:13 Database failed to load last Reissued Mempool State. Will have to start from empty stateSuccessfully loaded assets from database.
Cache of assets size: 0
2025-02-22 00:16:13 Messaging is enabled
2025-02-22 00:16:13 LoadBlockIndexDB: last block file = 0
2025-02-22 00:16:13 LoadBlockIndexDB: last block file info: CBlockFileInfo(blocks=0, size=0, heights=0...0, time=1970-01-01...1970-01-01)
2025-02-22 00:16:13 Checking all blk files are present...
2025-02-22 00:16:13 LoadBlockIndexDB: transaction index disabled
2025-02-22 00:16:13 LoadBlockIndexDB: asset index disabled
2025-02-22 00:16:13 LoadBlockIndexDB: address index disabled
2025-02-22 00:16:13 LoadBlockIndexDB: timestamp index disabled
2025-02-22 00:16:13 LoadBlockIndexDB: spent index disabled
2025-02-22 00:16:13 Initializing databases...
2025-02-22 00:16:13 LoadBlockIndex: transaction index enabled
2025-02-22 00:16:13 LoadBlockIndex: asset index enabled
2025-02-22 00:16:13 LoadBlockIndex: address index enabled
2025-02-22 00:16:13 LoadBlockIndex: timestamp index enabled
2025-02-22 00:16:13 LoadBlockIndex: spent index enabled
2025-02-22 00:16:13 Pre-allocating up to position 0x1000000 in blk00000.dat
2025-02-22 00:16:13 Opening LevelDB in /home/evr/.evrmore/chainstate
2025-02-22 00:16:13 Opened LevelDB successfully
2025-02-22 00:16:13 Wrote new obfuscate key for /home/evr/.evrmore/chainstate: d25283d29525d945
2025-02-22 00:16:13 Using obfuscation key for /home/evr/.evrmore/chainstate: d25283d29525d945
2025-02-22 00:16:13 init message: Rewinding blocks...
2025-02-22 00:16:13  block index            1010ms
2025-02-22 00:16:13 init message: Loading wallet...
2025-02-22 00:16:13 nFileVersion = 1000500
2025-02-22 00:16:13 Keys: 0 plaintext, 0 encrypted, 0 w/ metadata, 0 total
2025-02-22 00:16:13 Performing wallet upgrade to 10000
2025-02-22 00:16:13 parameter interaction: -bip44 wallet enabled: true
2025-02-22 00:16:18 keypool added 2000 keys (1000 internal), size=2000 (1000 internal)
2025-02-22 00:16:18  wallet                 4535ms
2025-02-22 00:16:18 setKeyPool.size() = 2000
2025-02-22 00:16:18 mapWallet.size() = 0
2025-02-22 00:16:18 mapAddressBook.size() = 0
2025-02-22 00:16:18 Failed to open mempool file from disk. Continuing anyway.
